<?xml version="1.0" encoding="UTF-8"?>
<!-- Generated by org.testng.reporters.JUnitReportReporter -->
<testsuite skipped="0" hostname="LAPTOP-Q62316VA" name="mavenpckg1.Class1" tests="1" failures="0" timestamp="23 Aug 2018 13:09:10 GMT" time="12.441" errors="0">
  <testcase name="launchapplication" time="12.441" classname="mavenpckg1.Class1"/>
</testsuite> <!-- mavenpckg1.Class1 -->
